Using pre-set license
Built from '2020.3/staging' branch; Version is '2020.3.25f1 (9b9180224418) revision 10195328'; Using compiler version '192528614'; Build Type 'Release'
OS: 'Windows 10  (10.0.19043) 64bit Professional' Language: 'zh' Physical Memory: 16217 MB
BatchMode: 1, IsHumanControllingUs: 0, StartBugReporterOnCrash: 0, Is64bit: 1, IsPro: 0

COMMAND LINE ARGUMENTS:
C:\Program Files\Unity\Hub\Editor\2020.3.25f1\Editor\Unity.exe
-adb2
-batchMode
-noUpm
-name
AssetImportWorker0
-projectPath
C:/Users/user/Documents/GitHub/4025047/WebGame_40725047_20220222_A
-logFile
Logs/AssetImportWorker0.log
-srvPort
2614
Successfully changed project path to: C:/Users/user/Documents/GitHub/4025047/WebGame_40725047_20220222_A
C:/Users/user/Documents/GitHub/4025047/WebGame_40725047_20220222_A
Using Asset Import Pipeline V2.
Refreshing native plugins compatible for Editor in 40.48 ms, found 3 plugins.
Preloading 0 native plugins for Editor in 0.00 ms.
Initialize engine version: 2020.3.25f1 (9b9180224418)
[Subsystems] Discovering subsystems at path C:/Program Files/Unity/Hub/Editor/2020.3.25f1/Editor/Data/Resources/UnitySubsystems
[Subsystems] Discovering subsystems at path C:/Users/user/Documents/GitHub/4025047/WebGame_40725047_20220222_A/Assets
GfxDevice: creating device client; threaded=0
Direct3D:
    Version:  Direct3D 11.0 [level 11.1]
    Renderer: NVIDIA GeForce GTX 1650 SUPER (ID=0x2187)
    Vendor:   
    VRAM:     3955 MB
    Driver:   27.21.14.5671
Initialize mono
Mono path[0] = 'C:/Program Files/Unity/Hub/Editor/2020.3.25f1/Editor/Data/Managed'
Mono path[1] = 'C:/Program Files/Unity/Hub/Editor/2020.3.25f1/Editor/Data/MonoBleedingEdge/lib/mono/unityjit'
Mono config path = 'C:/Program Files/Unity/Hub/Editor/2020.3.25f1/Editor/Data/MonoBleedingEdge/etc'
Using monoOptions --debugger-agent=transport=dt_socket,embedding=1,server=y,suspend=n,address=127.0.0.1:56376
Begin MonoManager ReloadAssembly
Registering precompiled unity dll's ...
Register platform support module: C:/Program Files/Unity/Hub/Editor/2020.3.25f1/Editor/Data/PlaybackEngines/WebGLSupport/UnityEditor.WebGL.Extensions.dll
Register platform support module: C:/Program Files/Unity/Hub/Editor/2020.3.25f1/Editor/Data/PlaybackEngines/WindowsStandaloneSupport/UnityEditor.WindowsStandalone.Extensions.dll
Registered in 0.004005 seconds.
Native extension for WindowsStandalone target not found
Native extension for WebGL target not found
Refreshing native plugins compatible for Editor in 38.18 ms, found 3 plugins.
Preloading 0 native plugins for Editor in 0.00 ms.
Mono: successfully reloaded assembly
- Completed reload, in  0.506 seconds
Domain Reload Profiling:
	ReloadAssembly (506ms)
		BeginReloadAssembly (60ms)
			ExecutionOrderSort (0ms)
			DisableScriptedObjects (0ms)
			BackupInstance (0ms)
			ReleaseScriptingObjects (0ms)
			CreateAndSetChildDomain (1ms)
		EndReloadAssembly (374ms)
			LoadAssemblies (57ms)
			RebuildTransferFunctionScriptingTraits (0ms)
			SetupTypeCache (120ms)
			ReleaseScriptCaches (0ms)
			RebuildScriptCaches (24ms)
			SetupLoadedEditorAssemblies (139ms)
				LogAssemblyErrors (0ms)
				InitializePlatformSupportModulesInManaged (5ms)
				SetLoadedEditorAssemblies (0ms)
				RefreshPlugins (38ms)
				BeforeProcessingInitializeOnLoad (7ms)
				ProcessInitializeOnLoadAttributes (67ms)
				ProcessInitializeOnLoadMethodAttributes (22ms)
				AfterProcessingInitializeOnLoad (0ms)
				EditorAssembliesLoaded (0ms)
			ExecutionOrderSort2 (0ms)
			AwakeInstancesAfterBackupRestoration (0ms)
Platform modules already initialized, skipping
Registering precompiled user dll's ...
Registered in 0.006445 seconds.
Begin MonoManager ReloadAssembly
Native extension for WindowsStandalone target not found
Native extension for WebGL target not found
Refreshing native plugins compatible for Editor in 37.97 ms, found 3 plugins.
Preloading 0 native plugins for Editor in 0.00 ms.
Mono: successfully reloaded assembly
- Completed reload, in  0.988 seconds
Domain Reload Profiling:
	ReloadAssembly (989ms)
		BeginReloadAssembly (133ms)
			ExecutionOrderSort (0ms)
			DisableScriptedObjects (4ms)
			BackupInstance (0ms)
			ReleaseScriptingObjects (0ms)
			CreateAndSetChildDomain (15ms)
		EndReloadAssembly (792ms)
			LoadAssemblies (103ms)
			RebuildTransferFunctionScriptingTraits (0ms)
			SetupTypeCache (253ms)
			ReleaseScriptCaches (0ms)
			RebuildScriptCaches (40ms)
			SetupLoadedEditorAssemblies (302ms)
				LogAssemblyErrors (0ms)
				InitializePlatformSupportModulesInManaged (4ms)
				SetLoadedEditorAssemblies (0ms)
				RefreshPlugins (38ms)
				BeforeProcessingInitializeOnLoad (78ms)
				ProcessInitializeOnLoadAttributes (154ms)
				ProcessInitializeOnLoadMethodAttributes (14ms)
				AfterProcessingInitializeOnLoad (13ms)
				EditorAssembliesLoaded (0ms)
			ExecutionOrderSort2 (0ms)
			AwakeInstancesAfterBackupRestoration (5ms)
Platform modules already initialized, skipping
========================================================================
Worker process is ready to serve import requests
Launched and connected shader compiler UnityShaderCompiler.exe after 0.03 seconds
Refreshing native plugins compatible for Editor in 0.64 ms, found 3 plugins.
Preloading 0 native plugins for Editor in 0.00 ms.
Unloading 2194 Unused Serialized files (Serialized files now loaded: 0)
System memory in use before: 95.8 MB.
System memory in use after: 95.9 MB.

Unloading 28 unused Assets to reduce memory usage. Loaded Objects now: 2627.
Total: 2.369700 ms (FindLiveObjects: 0.131600 ms CreateObjectMapping: 0.059700 ms MarkObjects: 2.130500 ms  DeleteObjects: 0.047200 ms)

AssetImportParameters requested are different than current active one (requested -> active):
  custom:framework-win-MediaFoundation: 216162199b28c13a410421893ffa2e32 -> 
  custom:video-decoder-ogg-theora: a1e56fd34408186e4bbccfd4996cb3dc -> 
  custom:container-muxer-webm: aa71ff27fc2769a1b78a27578f13a17b -> 
  custom:container-demuxer-webm: 4f35f7cbe854078d1ac9338744f61a02 -> 
  custom:container-demuxer-ogg: 62fdf1f143b41e24485cea50d1cbac27 -> 
  custom:video-encoder-webm-vp8: eb34c28f22e8b96e1ab97ce403110664 -> 
  custom:video-decoder-webm-vp8: 9c59270c3fd7afecdb556c50c9e8de78 -> 
  custom:audio-decoder-ogg-vorbis: bf7c407c2cedff20999df2af8eb42d56 -> 
  custom:audio-encoder-webm-vorbis: bf7c407c2cedff20999df2af8eb42d56 -> 
========================================================================
Received Import Request.
  path: Assets/Pixel Art Top Down - Basic/Texture/TX Tileset Wall.png
  artifactKey: Guid(f95ec1c429e133446afb443875e301d6) Importer(815301076,1909f56bfc062723c751e8b465ee728b)
Start importing Assets/Pixel Art Top Down - Basic/Texture/TX Tileset Wall.png using Guid(f95ec1c429e133446afb443875e301d6) Importer(815301076,1909f56bfc062723c751e8b465ee728b)  -> (artifact id: 'ce0c9c08e078daf0a93683ee37b2857b') in 0.120805 seconds 
  Import took 0.123351 seconds .

========================================================================
Received Import Request.
  Time since last request: 0.000200 seconds.
  path: Assets/Pixel Art Top Down - Basic/Texture/TX Struct.png
  artifactKey: Guid(5957792829c30e94f9a2b00a37a42a38) Importer(815301076,1909f56bfc062723c751e8b465ee728b)
Start importing Assets/Pixel Art Top Down - Basic/Texture/TX Struct.png using Guid(5957792829c30e94f9a2b00a37a42a38) Importer(815301076,1909f56bfc062723c751e8b465ee728b)  -> (artifact id: '28388c1916e1ea75f81e875fb6402e30') in 0.017627 seconds 
  Import took 0.020042 seconds .

========================================================================
Received Import Request.
  Time since last request: 0.000190 seconds.
  path: Assets/Pixel Art Top Down - Basic
  artifactKey: Guid(56d11bfce5b2ab048a2d3052be12d76d) Importer(815301076,1909f56bfc062723c751e8b465ee728b)
Start importing Assets/Pixel Art Top Down - Basic using Guid(56d11bfce5b2ab048a2d3052be12d76d) Importer(815301076,1909f56bfc062723c751e8b465ee728b)  -> (artifact id: 'fc7e401c49ea54da2a858e530bd4586b') in 0.001567 seconds 
  Import took 0.004816 seconds .

========================================================================
Received Import Request.
  Time since last request: 0.000187 seconds.
  path: Assets/Pixel Art Top Down - Basic/Texture
  artifactKey: Guid(afd80b889997f2b4d9c2f42bc8819599) Importer(815301076,1909f56bfc062723c751e8b465ee728b)
Start importing Assets/Pixel Art Top Down - Basic/Texture using Guid(afd80b889997f2b4d9c2f42bc8819599) Importer(815301076,1909f56bfc062723c751e8b465ee728b)  -> (artifact id: 'b51726599a2481d340f929f6bec3851b') in 0.001858 seconds 
  Import took 0.004603 seconds .

========================================================================
Received Import Request.
  Time since last request: 0.000224 seconds.
  path: Assets/Pixel Art Top Down - Basic/Texture/TX Plant.png
  artifactKey: Guid(b5e7ec8da901e9740b7695ab90efb982) Importer(815301076,1909f56bfc062723c751e8b465ee728b)
Start importing Assets/Pixel Art Top Down - Basic/Texture/TX Plant.png using Guid(b5e7ec8da901e9740b7695ab90efb982) Importer(815301076,1909f56bfc062723c751e8b465ee728b)  -> (artifact id: '09ce2a12d65fc3a3d6b95b10bab4140e') in 0.015595 seconds 
  Import took 0.018545 seconds .

========================================================================
Received Import Request.
  Time since last request: 0.000181 seconds.
  path: Assets/Pixel Art Top Down - Basic/Texture/TX Shadow.png
  artifactKey: Guid(9960b085c43d225468f861967534831d) Importer(815301076,1909f56bfc062723c751e8b465ee728b)
Start importing Assets/Pixel Art Top Down - Basic/Texture/TX Shadow.png using Guid(9960b085c43d225468f861967534831d) Importer(815301076,1909f56bfc062723c751e8b465ee728b)  -> (artifact id: 'eb1a13a03fe8a1216af495d1d1f7c11b') in 0.009057 seconds 
  Import took 0.011763 seconds .

========================================================================
Received Import Request.
  Time since last request: 0.000172 seconds.
  path: Assets/Pixel Art Top Down - Basic/Texture/TX Shadow Plant.png
  artifactKey: Guid(51072cdc6d95e71429615c6a99145328) Importer(815301076,1909f56bfc062723c751e8b465ee728b)
Start importing Assets/Pixel Art Top Down - Basic/Texture/TX Shadow Plant.png using Guid(51072cdc6d95e71429615c6a99145328) Importer(815301076,1909f56bfc062723c751e8b465ee728b)  -> (artifact id: 'c250370dc66a4298a2680e2cd502299d') in 0.007677 seconds 
  Import took 0.010323 seconds .

========================================================================
Received Import Request.
  Time since last request: 0.000153 seconds.
  path: Assets/Pixel Art Top Down - Basic/Texture/TX Tileset Grass.png
  artifactKey: Guid(a3864780e60af254d8876c4506dc9515) Importer(815301076,1909f56bfc062723c751e8b465ee728b)
Start importing Assets/Pixel Art Top Down - Basic/Texture/TX Tileset Grass.png using Guid(a3864780e60af254d8876c4506dc9515) Importer(815301076,1909f56bfc062723c751e8b465ee728b)  -> (artifact id: 'f5802fabdec03f2c939b51a045792b03') in 0.008678 seconds 
  Import took 0.011249 seconds .

========================================================================
Received Import Request.
  Time since last request: 0.000159 seconds.
  path: Assets/Pixel Art Top Down - Basic/Texture/TX Tileset Stone Ground.png
  artifactKey: Guid(112e60eab11a27f4d8cd6300cb67a3c5) Importer(815301076,1909f56bfc062723c751e8b465ee728b)
Start importing Assets/Pixel Art Top Down - Basic/Texture/TX Tileset Stone Ground.png using Guid(112e60eab11a27f4d8cd6300cb67a3c5) Importer(815301076,1909f56bfc062723c751e8b465ee728b)  -> (artifact id: '0f7e78dc78e161b5b8ca7effe4c57198') in 0.009098 seconds 
  Import took 0.011938 seconds .

========================================================================
Received Import Request.
  Time since last request: 0.000168 seconds.
  path: Assets/Pixel Art Top Down - Basic/Texture/TX Player.png
  artifactKey: Guid(c4edd19630c0ea742bf411f57d1cf107) Importer(815301076,1909f56bfc062723c751e8b465ee728b)
Start importing Assets/Pixel Art Top Down - Basic/Texture/TX Player.png using Guid(c4edd19630c0ea742bf411f57d1cf107) Importer(815301076,1909f56bfc062723c751e8b465ee728b)  -> (artifact id: '59ed9539f585a5ba26ce6ab5893b61af') in 0.008642 seconds 
  Import took 0.011312 seconds .

========================================================================
Received Import Request.
  Time since last request: 0.000143 seconds.
  path: Assets/Pixel Art Top Down - Basic/Texture/TX Props.png
  artifactKey: Guid(d32502476815d8d4bb8904b79f7f535a) Importer(815301076,1909f56bfc062723c751e8b465ee728b)
Start importing Assets/Pixel Art Top Down - Basic/Texture/TX Props.png using Guid(d32502476815d8d4bb8904b79f7f535a) Importer(815301076,1909f56bfc062723c751e8b465ee728b)  -> (artifact id: 'eff1dfdde2e91f8f0dd0dfb83bcebd46') in 0.009209 seconds 
  Import took 0.012011 seconds .

========================================================================
Received Import Request.
  Time since last request: 1.172248 seconds.
  path: Assets/FreeKnight_v1/Comparison2x.png
  artifactKey: Guid(841db180340c5994d8b58a3ecc9caf64) Importer(815301076,1909f56bfc062723c751e8b465ee728b)
Start importing Assets/FreeKnight_v1/Comparison2x.png using Guid(841db180340c5994d8b58a3ecc9caf64) Importer(815301076,1909f56bfc062723c751e8b465ee728b)  -> (artifact id: '0ce6b249af09507cf46b0f50dd5900c2') in 0.009732 seconds 
  Import took 0.013063 seconds .

========================================================================
Received Import Request.
  Time since last request: 0.000171 seconds.
  path: Assets/FreeKnight_v1/PromoAnimated2x.gif
  artifactKey: Guid(31cb785d19bab8c45a9163c45ddfb2d2) Importer(815301076,1909f56bfc062723c751e8b465ee728b)
Start importing Assets/FreeKnight_v1/PromoAnimated2x.gif using Guid(31cb785d19bab8c45a9163c45ddfb2d2) Importer(815301076,1909f56bfc062723c751e8b465ee728b)  -> (artifact id: '9a29e39a97e7d139dbf6fbfdbf20d251') in 0.010588 seconds 
  Import took 0.013696 seconds .

========================================================================
Received Import Request.
  Time since last request: 25.971941 seconds.
  path: Assets
  artifactKey: Guid(00000000000000001000000000000000) Importer(815301076,1909f56bfc062723c751e8b465ee728b)
Start importing Assets using Guid(00000000000000001000000000000000) Importer(815301076,1909f56bfc062723c751e8b465ee728b)  -> (artifact id: '42d402b061de3733987d63b9cc3b64de') in 0.002326 seconds 
  Import took 0.005709 seconds .

========================================================================
Received Import Request.
  Time since last request: 10.489388 seconds.
  path: Assets/圖片
  artifactKey: Guid(f14c3470e3cfb1a45bdcde79f4654278) Importer(815301076,1909f56bfc062723c751e8b465ee728b)
Start importing Assets/圖片 using Guid(f14c3470e3cfb1a45bdcde79f4654278) Importer(815301076,1909f56bfc062723c751e8b465ee728b)  -> (artifact id: '67ed025616e652aedeeace11717ef315') in 0.001917 seconds 
  Import took 0.005439 seconds .

========================================================================
Received Import Request.
  Time since last request: 2.767969 seconds.
  path: Assets/FreeKnight_v1
  artifactKey: Guid(0f325024c544d0a41bf6d7fe42c8f319) Importer(815301076,1909f56bfc062723c751e8b465ee728b)
Start importing Assets/FreeKnight_v1 using Guid(0f325024c544d0a41bf6d7fe42c8f319) Importer(815301076,1909f56bfc062723c751e8b465ee728b)  -> (artifact id: '1a0db28b83ac80b4d4cbc5f07f47a82a') in 0.002348 seconds 
  Import took 0.005375 seconds .

========================================================================
Received Import Request.
  Time since last request: 487.444576 seconds.
  path: Assets/圖片/Pixel Art Top Down - Basic/Texture/TX Plant.png
  artifactKey: Guid(b5e7ec8da901e9740b7695ab90efb982) Importer(815301076,1909f56bfc062723c751e8b465ee728b)
Start importing Assets/圖片/Pixel Art Top Down - Basic/Texture/TX Plant.png using Guid(b5e7ec8da901e9740b7695ab90efb982) Importer(815301076,1909f56bfc062723c751e8b465ee728b)  -> (artifact id: 'b86575559cbbcb9506ef5f27d14d8edb') in 0.015905 seconds 
  Import took 0.018757 seconds .

========================================================================
Received Import Request.
  Time since last request: 55.432740 seconds.
  path: Assets/圖片/Pixel Art Top Down - Basic/Texture/TX Plant.png
  artifactKey: Guid(b5e7ec8da901e9740b7695ab90efb982) Importer(815301076,1909f56bfc062723c751e8b465ee728b)
Start importing Assets/圖片/Pixel Art Top Down - Basic/Texture/TX Plant.png using Guid(b5e7ec8da901e9740b7695ab90efb982) Importer(815301076,1909f56bfc062723c751e8b465ee728b)  -> (artifact id: '83c27969d28ee611c14ac7745a431c36') in 0.007653 seconds 
  Import took 0.010315 seconds .

========================================================================
Received Import Request.
  Time since last request: 74.506081 seconds.
  path: Assets/圖片/Pixel Art Top Down - Basic/Texture/TX Plant.png
  artifactKey: Guid(b5e7ec8da901e9740b7695ab90efb982) Importer(815301076,1909f56bfc062723c751e8b465ee728b)
Start importing Assets/圖片/Pixel Art Top Down - Basic/Texture/TX Plant.png using Guid(b5e7ec8da901e9740b7695ab90efb982) Importer(815301076,1909f56bfc062723c751e8b465ee728b)  -> (artifact id: '5fc018ff64dbf0b28a80d058257c3e1c') in 0.426430 seconds 
  Import took 0.429846 seconds .

========================================================================
Received Import Request.
  Time since last request: 27.745476 seconds.
  path: Assets/圖片/Pixel Art Top Down - Basic/Texture/TX Plant.png
  artifactKey: Guid(b5e7ec8da901e9740b7695ab90efb982) Importer(815301076,1909f56bfc062723c751e8b465ee728b)
Start importing Assets/圖片/Pixel Art Top Down - Basic/Texture/TX Plant.png using Guid(b5e7ec8da901e9740b7695ab90efb982) Importer(815301076,1909f56bfc062723c751e8b465ee728b)  -> (artifact id: '1603bd88a707010105ce169d75568935') in 0.084191 seconds 
  Import took 0.087518 seconds .

========================================================================
Received Import Request.
  Time since last request: 18.822632 seconds.
  path: Assets/圖片/Pixel Art Top Down - Basic/Texture/TX Player.png
  artifactKey: Guid(c4edd19630c0ea742bf411f57d1cf107) Importer(815301076,1909f56bfc062723c751e8b465ee728b)
Start importing Assets/圖片/Pixel Art Top Down - Basic/Texture/TX Player.png using Guid(c4edd19630c0ea742bf411f57d1cf107) Importer(815301076,1909f56bfc062723c751e8b465ee728b)  -> (artifact id: '890008d9245fd3fdb5a5a1ffaa911c14') in 0.006448 seconds 
  Import took 0.009183 seconds .

========================================================================
Received Import Request.
  Time since last request: 7.615120 seconds.
  path: Assets/圖片/Pixel Art Top Down - Basic/Texture/TX Player.png
  artifactKey: Guid(c4edd19630c0ea742bf411f57d1cf107) Importer(815301076,1909f56bfc062723c751e8b465ee728b)
Start importing Assets/圖片/Pixel Art Top Down - Basic/Texture/TX Player.png using Guid(c4edd19630c0ea742bf411f57d1cf107) Importer(815301076,1909f56bfc062723c751e8b465ee728b)  -> (artifact id: 'ec884c09ad9427a3c991ec9056870ac6') in 0.018740 seconds 
  Import took 0.022120 seconds .

========================================================================
Received Import Request.
  Time since last request: 19.499551 seconds.
  path: Assets/圖片/Pixel Art Top Down - Basic/Texture/TX Props.png
  artifactKey: Guid(d32502476815d8d4bb8904b79f7f535a) Importer(815301076,1909f56bfc062723c751e8b465ee728b)
Start importing Assets/圖片/Pixel Art Top Down - Basic/Texture/TX Props.png using Guid(d32502476815d8d4bb8904b79f7f535a) Importer(815301076,1909f56bfc062723c751e8b465ee728b)  -> (artifact id: '99b940895bdf43a084b7fde6be18b3d1') in 0.008469 seconds 
  Import took 0.011351 seconds .

========================================================================
Received Import Request.
  Time since last request: 66.437310 seconds.
  path: Assets/圖片/Pixel Art Top Down - Basic/Texture/TX Props.png
  artifactKey: Guid(d32502476815d8d4bb8904b79f7f535a) Importer(815301076,1909f56bfc062723c751e8b465ee728b)
Start importing Assets/圖片/Pixel Art Top Down - Basic/Texture/TX Props.png using Guid(d32502476815d8d4bb8904b79f7f535a) Importer(815301076,1909f56bfc062723c751e8b465ee728b)  -> (artifact id: 'b5a9bda81fbeb6e6df8f4c03855d048d') in 0.133531 seconds 
  Import took 0.136751 seconds .

========================================================================
Received Import Request.
  Time since last request: 20.655890 seconds.
  path: Assets/圖片/Pixel Art Top Down - Basic/Texture/TX Shadow Plant.png
  artifactKey: Guid(51072cdc6d95e71429615c6a99145328) Importer(815301076,1909f56bfc062723c751e8b465ee728b)
Start importing Assets/圖片/Pixel Art Top Down - Basic/Texture/TX Shadow Plant.png using Guid(51072cdc6d95e71429615c6a99145328) Importer(815301076,1909f56bfc062723c751e8b465ee728b)  -> (artifact id: '2fafc2eef27ea9b570e57b56304395ba') in 0.006581 seconds 
  Import took 0.009234 seconds .

========================================================================
Received Import Request.
  Time since last request: 4.492788 seconds.
  path: Assets/圖片/Pixel Art Top Down - Basic/Texture/TX Shadow Plant.png
  artifactKey: Guid(51072cdc6d95e71429615c6a99145328) Importer(815301076,1909f56bfc062723c751e8b465ee728b)
Start importing Assets/圖片/Pixel Art Top Down - Basic/Texture/TX Shadow Plant.png using Guid(51072cdc6d95e71429615c6a99145328) Importer(815301076,1909f56bfc062723c751e8b465ee728b)  -> (artifact id: 'd2b70e5e7b2f38c4664be26e80fe1fb8') in 0.031102 seconds 
  Import took 0.034128 seconds .

========================================================================
Received Import Request.
  Time since last request: 12.364608 seconds.
  path: Assets/圖片/Pixel Art Top Down - Basic/Texture/TX Shadow.png
  artifactKey: Guid(9960b085c43d225468f861967534831d) Importer(815301076,1909f56bfc062723c751e8b465ee728b)
Start importing Assets/圖片/Pixel Art Top Down - Basic/Texture/TX Shadow.png using Guid(9960b085c43d225468f861967534831d) Importer(815301076,1909f56bfc062723c751e8b465ee728b)  -> (artifact id: 'ff7261eb0ee8edb3323b86ae7e13dcbb') in 0.006413 seconds 
  Import took 0.009067 seconds .

========================================================================
Received Import Request.
  Time since last request: 4.316022 seconds.
  path: Assets/圖片/Pixel Art Top Down - Basic/Texture/TX Shadow.png
  artifactKey: Guid(9960b085c43d225468f861967534831d) Importer(815301076,1909f56bfc062723c751e8b465ee728b)
Start importing Assets/圖片/Pixel Art Top Down - Basic/Texture/TX Shadow.png using Guid(9960b085c43d225468f861967534831d) Importer(815301076,1909f56bfc062723c751e8b465ee728b)  -> (artifact id: '356eedced072afb03165f6eb6e550233') in 0.183413 seconds 
  Import took 0.186543 seconds .

========================================================================
Received Import Request.
  Time since last request: 7.437992 seconds.
  path: Assets/圖片/Pixel Art Top Down - Basic/Texture/TX Struct.png
  artifactKey: Guid(5957792829c30e94f9a2b00a37a42a38) Importer(815301076,1909f56bfc062723c751e8b465ee728b)
Start importing Assets/圖片/Pixel Art Top Down - Basic/Texture/TX Struct.png using Guid(5957792829c30e94f9a2b00a37a42a38) Importer(815301076,1909f56bfc062723c751e8b465ee728b)  -> (artifact id: 'cc3681f4bf684ed05f49bd3e07f99a20') in 0.006280 seconds 
  Import took 0.008899 seconds .

========================================================================
Received Import Request.
  Time since last request: 3.012516 seconds.
  path: Assets/圖片/Pixel Art Top Down - Basic/Texture/TX Struct.png
  artifactKey: Guid(5957792829c30e94f9a2b00a37a42a38) Importer(815301076,1909f56bfc062723c751e8b465ee728b)
Start importing Assets/圖片/Pixel Art Top Down - Basic/Texture/TX Struct.png using Guid(5957792829c30e94f9a2b00a37a42a38) Importer(815301076,1909f56bfc062723c751e8b465ee728b)  -> (artifact id: 'c95f0a74ad923f7bf0648c372ac9cc72') in 0.025050 seconds 
  Import took 0.028376 seconds .

========================================================================
Received Import Request.
  Time since last request: 16.813118 seconds.
  path: Assets/圖片/Pixel Art Top Down - Basic/Texture/TX Tileset Stone Ground.png
  artifactKey: Guid(112e60eab11a27f4d8cd6300cb67a3c5) Importer(815301076,1909f56bfc062723c751e8b465ee728b)
Start importing Assets/圖片/Pixel Art Top Down - Basic/Texture/TX Tileset Stone Ground.png using Guid(112e60eab11a27f4d8cd6300cb67a3c5) Importer(815301076,1909f56bfc062723c751e8b465ee728b)  -> (artifact id: 'e9a3fdf372684702ff2a03107e3dae1c') in 0.007743 seconds 
  Import took 0.010444 seconds .

========================================================================
Received Import Request.
  Time since last request: 34.945344 seconds.
  path: Assets/圖片/Pixel Art Top Down - Basic/Texture/TX Tileset Stone Ground.png
  artifactKey: Guid(112e60eab11a27f4d8cd6300cb67a3c5) Importer(815301076,1909f56bfc062723c751e8b465ee728b)
Start importing Assets/圖片/Pixel Art Top Down - Basic/Texture/TX Tileset Stone Ground.png using Guid(112e60eab11a27f4d8cd6300cb67a3c5) Importer(815301076,1909f56bfc062723c751e8b465ee728b)  -> (artifact id: '7c4800499191e19f41172778ccdda270') in 0.277027 seconds 
  Import took 0.280052 seconds .

========================================================================
Received Import Request.
  Time since last request: 11.935769 seconds.
  path: Assets/圖片/Pixel Art Top Down - Basic/Texture/TX Tileset Wall.png
  artifactKey: Guid(f95ec1c429e133446afb443875e301d6) Importer(815301076,1909f56bfc062723c751e8b465ee728b)
Start importing Assets/圖片/Pixel Art Top Down - Basic/Texture/TX Tileset Wall.png using Guid(f95ec1c429e133446afb443875e301d6) Importer(815301076,1909f56bfc062723c751e8b465ee728b)  -> (artifact id: '539338c8a049fe23866a37ee81e03c21') in 0.007226 seconds 
  Import took 0.009916 seconds .

========================================================================
Received Import Request.
  Time since last request: 7.739498 seconds.
  path: Assets/圖片/Pixel Art Top Down - Basic/Texture/TX Tileset Wall.png
  artifactKey: Guid(f95ec1c429e133446afb443875e301d6) Importer(815301076,1909f56bfc062723c751e8b465ee728b)
Start importing Assets/圖片/Pixel Art Top Down - Basic/Texture/TX Tileset Wall.png using Guid(f95ec1c429e133446afb443875e301d6) Importer(815301076,1909f56bfc062723c751e8b465ee728b)  -> (artifact id: '5f41414bf4be565c9a8741a579b4609d') in 0.050585 seconds 
  Import took 0.053411 seconds .

AssetImportWorkerClient::OnTransportError - code=2 error=End of file
